Options:
  Problem size: M = 4096, N = 4096, K = 4096
  Number of threads: 32
  Number of iterations: 10
  Print matrix: off
  Validation: on

Initializing... done!
Calculating...(iter=0) 1.775259 sec
Calculating...(iter=1) 1.478599 sec
Calculating...(iter=2) 1.680864 sec
Calculating...(iter=3) 1.494683 sec
Calculating...(iter=4) 1.492198 sec
Calculating...(iter=5) 1.695798 sec
Calculating...(iter=6) 1.525870 sec
Calculating...(iter=7) 1.523898 sec
Calculating...(iter=8) 1.519459 sec
Calculating...(iter=9) 1.669279 sec
Validating...
Result: VALID
Avg. time: 1.585591 sec
Avg. throughput: 86.679963 GFLOPS
Options:
  Problem size: M = 4096, N = 4096, K = 4096
  Number of threads: 32
  Number of iterations: 10
  Print matrix: off
  Validation: on

Initializing... done!
Calculating...(iter=0) 1.492086 sec
Calculating...(iter=1) 1.457759 sec
Calculating...(iter=2) 1.702870 sec
Calculating...(iter=3) 1.489589 sec
Calculating...(iter=4) 1.472740 sec
Calculating...(iter=5) 1.501852 sec
Calculating...(iter=6) 1.471491 sec
Calculating...(iter=7) 1.466739 sec
Calculating...(iter=8) 1.465123 sec
Calculating...(iter=9) 1.465094 sec
Validating...
Result: VALID
Avg. time: 1.498534 sec
Avg. throughput: 91.715591 GFLOPS
Options:
  Problem size: M = 4096, N = 4096, K = 4096
  Number of threads: 32
  Number of iterations: 10
  Print matrix: off
  Validation: on

Initializing... done!
Calculating...(iter=0) 1.777687 sec
Calculating...(iter=1) 1.459244 sec
Calculating...(iter=2) 1.631315 sec
Calculating...(iter=3) 1.450423 sec
Calculating...(iter=4) 1.452589 sec
Calculating...(iter=5) 1.460483 sec
Calculating...(iter=6) 1.633601 sec
Calculating...(iter=7) 1.460118 sec
Calculating...(iter=8) 1.466372 sec
Calculating...(iter=9) 1.461172 sec
Validating...
Result: VALID
Avg. time: 1.525300 sec
Avg. throughput: 90.106155 GFLOPS
Options:
  Problem size: M = 4096, N = 4096, K = 4096
  Number of threads: 32
  Number of iterations: 10
  Print matrix: off
  Validation: on

Initializing... done!
Calculating...(iter=0) 1.958347 sec
Calculating...(iter=1) 2.137809 sec
Calculating...(iter=2) 1.931580 sec
Calculating...(iter=3) 2.090467 sec
Calculating...(iter=4) 1.821088 sec
Calculating...(iter=5) 1.816419 sec
Calculating...(iter=6) 1.816031 sec
Calculating...(iter=7) 1.825141 sec
Calculating...(iter=8) 1.970302 sec
Calculating...(iter=9) 1.753387 sec
Validating...
Result: VALID
Avg. time: 1.912057 sec
Avg. throughput: 71.880153 GFLOPS
Options:
  Problem size: M = 4096, N = 4096, K = 4096
  Number of threads: 32
  Number of iterations: 10
  Print matrix: off
  Validation: on

Initializing... done!
Calculating...(iter=0) 1.756562 sec
Calculating...(iter=1) 1.462820 sec
Calculating...(iter=2) 1.664564 sec
Calculating...(iter=3) 1.480459 sec
Calculating...(iter=4) 1.485415 sec
Calculating...(iter=5) 1.551535 sec
Calculating...(iter=6) 1.465216 sec
Calculating...(iter=7) 1.463870 sec
Calculating...(iter=8) 1.463365 sec
Calculating...(iter=9) 1.463818 sec
Validating...
Result: VALID
Avg. time: 1.525762 sec
Avg. throughput: 90.078875 GFLOPS
