Options:
  Problem size: M = 4096, N = 4096, K = 4096
  Number of threads: 32
  Number of iterations: 10
  Print matrix: off
  Validation: on

Initializing... done!
Calculating...(iter=0) 1.951875 sec
Calculating...(iter=1) 1.569321 sec
Calculating...(iter=2) 1.776027 sec
Calculating...(iter=3) 1.622075 sec
Calculating...(iter=4) 1.828010 sec
Calculating...(iter=5) 1.634433 sec
Calculating...(iter=6) 1.628560 sec
Calculating...(iter=7) 1.827215 sec
Calculating...(iter=8) 1.623618 sec
Calculating...(iter=9) 1.614597 sec
Validating...
Result: VALID
Avg. time: 1.707573 sec
Avg. throughput: 80.487886 GFLOPS
Options:
  Problem size: M = 4096, N = 4096, K = 4096
  Number of threads: 32
  Number of iterations: 10
  Print matrix: off
  Validation: on

Initializing... done!
Calculating...(iter=0) 1.768984 sec
Calculating...(iter=1) 1.437430 sec
Calculating...(iter=2) 1.647395 sec
Calculating...(iter=3) 1.487997 sec
Calculating...(iter=4) 1.457097 sec
Calculating...(iter=5) 1.448597 sec
Calculating...(iter=6) 1.683537 sec
Calculating...(iter=7) 1.418851 sec
Calculating...(iter=8) 1.412399 sec
Calculating...(iter=9) 1.411717 sec
Validating...
Result: VALID
Avg. time: 1.517400 sec
Avg. throughput: 90.575267 GFLOPS
Options:
  Problem size: M = 4096, N = 4096, K = 4096
  Number of threads: 32
  Number of iterations: 10
  Print matrix: off
  Validation: on

Initializing... done!
Calculating...(iter=0) 1.792372 sec
Calculating...(iter=1) 1.419252 sec
Calculating...(iter=2) 1.604763 sec
Calculating...(iter=3) 1.431190 sec
Calculating...(iter=4) 1.429461 sec
Calculating...(iter=5) 1.429045 sec
Calculating...(iter=6) 1.636137 sec
Calculating...(iter=7) 1.435111 sec
Calculating...(iter=8) 1.423736 sec
Calculating...(iter=9) 1.435997 sec
Validating...
Result: VALID
Avg. time: 1.503706 sec
Avg. throughput: 91.400125 GFLOPS
Options:
  Problem size: M = 4096, N = 4096, K = 4096
  Number of threads: 32
  Number of iterations: 10
  Print matrix: off
  Validation: on

Initializing... done!
Calculating...(iter=0) 1.428403 sec
Calculating...(iter=1) 1.409811 sec
Calculating...(iter=2) 1.600100 sec
Calculating...(iter=3) 1.445309 sec
Calculating...(iter=4) 1.406783 sec
Calculating...(iter=5) 1.416693 sec
Calculating...(iter=6) 1.665631 sec
Calculating...(iter=7) 1.419460 sec
Calculating...(iter=8) 1.588872 sec
Calculating...(iter=9) 1.373128 sec
Validating...
Result: VALID
Avg. time: 1.475419 sec
Avg. throughput: 93.152504 GFLOPS
Options:
  Problem size: M = 4096, N = 4096, K = 4096
  Number of threads: 32
  Number of iterations: 10
  Print matrix: off
  Validation: on

Initializing... done!
Calculating...(iter=0) 1.441705 sec
Calculating...(iter=1) 1.433217 sec
Calculating...(iter=2) 1.596011 sec
Calculating...(iter=3) 1.439531 sec
Calculating...(iter=4) 1.428926 sec
Calculating...(iter=5) 1.431662 sec
Calculating...(iter=6) 1.594081 sec
Calculating...(iter=7) 1.392747 sec
Calculating...(iter=8) 1.390036 sec
Calculating...(iter=9) 1.388905 sec
Validating...
Result: VALID
Avg. time: 1.453682 sec
Avg. throughput: 94.545400 GFLOPS
