Options:
  Problem size: M = 4096, N = 4096, K = 4096
  Number of threads: 32
  Number of iterations: 10
  Print matrix: off
  Validation: on

Initializing... done!
Calculating...(iter=0) 1.830271 sec
Calculating...(iter=1) 1.422634 sec
Calculating...(iter=2) 1.598295 sec
Calculating...(iter=3) 1.433044 sec
Calculating...(iter=4) 1.428101 sec
Calculating...(iter=5) 1.429514 sec
Calculating...(iter=6) 1.429007 sec
Calculating...(iter=7) 1.426449 sec
Calculating...(iter=8) 1.741563 sec
Calculating...(iter=9) 1.588768 sec
Validating...
Result: VALID
Avg. time: 1.532765 sec
Avg. throughput: 89.667359 GFLOPS
Options:
  Problem size: M = 4096, N = 4096, K = 4096
  Number of threads: 32
  Number of iterations: 10
  Print matrix: off
  Validation: on

Initializing... done!
Calculating...(iter=0) 1.815778 sec
Calculating...(iter=1) 1.440253 sec
Calculating...(iter=2) 1.683330 sec
Calculating...(iter=3) 1.546992 sec
Calculating...(iter=4) 1.484316 sec
Calculating...(iter=5) 1.486677 sec
Calculating...(iter=6) 1.712129 sec
Calculating...(iter=7) 1.490923 sec
Calculating...(iter=8) 1.450013 sec
Calculating...(iter=9) 1.665773 sec
Validating...
Result: VALID
Avg. time: 1.577618 sec
Avg. throughput: 87.117993 GFLOPS
Options:
  Problem size: M = 4096, N = 4096, K = 4096
  Number of threads: 32
  Number of iterations: 10
  Print matrix: off
  Validation: on

Initializing... done!
Calculating...(iter=0) 1.848363 sec
Calculating...(iter=1) 1.541631 sec
Calculating...(iter=2) 1.760860 sec
Calculating...(iter=3) 1.578803 sec
Calculating...(iter=4) 1.760860 sec
Calculating...(iter=5) 1.579703 sec
Calculating...(iter=6) 1.576401 sec
Calculating...(iter=7) 1.575439 sec
Calculating...(iter=8) 1.755852 sec
Calculating...(iter=9) 1.601778 sec
Validating...
Result: VALID
Avg. time: 1.657969 sec
Avg. throughput: 82.895978 GFLOPS
Options:
  Problem size: M = 4096, N = 4096, K = 4096
  Number of threads: 32
  Number of iterations: 10
  Print matrix: off
  Validation: on

Initializing... done!
Calculating...(iter=0) 1.799362 sec
Calculating...(iter=1) 1.998120 sec
Calculating...(iter=2) 1.866824 sec
Calculating...(iter=3) 1.861131 sec
Calculating...(iter=4) 2.047247 sec
Calculating...(iter=5) 1.732031 sec
Calculating...(iter=6) 1.707150 sec
Calculating...(iter=7) 1.707132 sec
Calculating...(iter=8) 1.707628 sec
Calculating...(iter=9) 1.707362 sec
Validating...
Result: VALID
Avg. time: 1.813399 sec
Avg. throughput: 75.790812 GFLOPS
Options:
  Problem size: M = 4096, N = 4096, K = 4096
  Number of threads: 32
  Number of iterations: 10
  Print matrix: off
  Validation: on

Initializing... done!
Calculating...(iter=0) 1.762066 sec
Calculating...(iter=1) 1.403157 sec
Calculating...(iter=2) 1.581078 sec
Calculating...(iter=3) 1.412399 sec
Calculating...(iter=4) 1.407421 sec
Calculating...(iter=5) 1.409608 sec
Calculating...(iter=6) 1.410347 sec
Calculating...(iter=7) 1.624391 sec
Calculating...(iter=8) 1.446092 sec
Calculating...(iter=9) 1.409174 sec
Validating...
Result: VALID
Avg. time: 1.486573 sec
Avg. throughput: 92.453525 GFLOPS
